2024-08-20 13:19:23,142 - utils - INFO - Sentiment analysis complete for text: Ok , Quality Fine
2024-08-20 13:19:23,183 - utils - INFO - Text and sentiment scores saved to MongoDB for text: Ok , Quality Fine
2024-08-20 13:19:23,183 - main - INFO - Sentiment analysis and data storage successful.
2024-08-20 13:19:40,480 - utils - INFO - Sentiment analysis complete for text: Veri nice camera
2024-08-20 13:19:40,482 - utils - INFO - Text and sentiment scores saved to MongoDB for text: Veri nice camera
2024-08-20 13:19:40,488 - utils - INFO - Sentiment analysis complete for text: It's amazing I loved it
2024-08-20 13:19:40,489 - utils - INFO - Text and sentiment scores saved to MongoDB for text: It's amazing I loved it
2024-08-20 13:19:40,496 - utils - INFO - Sentiment analysis complete for text: I bought it for my parents they just loved it
2024-08-20 13:19:40,498 - utils - INFO - Text and sentiment scores saved to MongoDB for text: I bought it for my parents they just loved it
2024-08-20 13:19:40,505 - utils - INFO - Sentiment analysis complete for text: Good camera like Dslr blur photo quality super
2024-08-20 13:19:40,506 - utils - INFO - Text and sentiment scores saved to MongoDB for text: Good camera like Dslr blur photo quality super
2024-08-20 13:19:40,512 - utils - INFO - Sentiment analysis complete for text: good design, battery, and very smooth  performance .
2024-08-20 13:19:40,513 - utils - INFO - Text and sentiment scores saved to MongoDB for text: good design, battery, and very smooth  performance .
2024-08-20 13:19:40,518 - main - INFO - CSV sentiment analysis completed successfully.
2024-08-20 13:19:48,467 - utils - INFO - Dashboard data aggregated successfully.
2024-08-20 13:19:48,843 - utils - INFO - Dashboard graph created successfully with enhanced styling.
2024-08-20 13:19:48,844 - main - INFO - Dashboard data retrieved and enhanced graph generated.
2024-08-20 13:28:55,302 - utils - INFO - Sentiment analysis complete for text: Good , Product
2024-08-20 13:28:55,304 - utils - INFO - Text and sentiment scores saved to MongoDB for text: Good , Product
2024-08-20 13:28:55,304 - main - INFO - Sentiment analysis and data storage successful.
2024-08-20 13:29:10,097 - utils - INFO - Dashboard data aggregated successfully.
2024-08-20 13:29:10,286 - utils - INFO - Dashboard graph created successfully with enhanced styling.
2024-08-20 13:29:10,287 - main - INFO - Dashboard data retrieved and enhanced graph generated.
2024-08-20 13:29:41,404 - utils - INFO - Sentiment scores retrieved for text_id: 66c4392133d561282e2559e1
2024-08-20 13:29:41,526 - utils - INFO - Sentiment graph created successfully with enhanced styling.
2024-08-20 13:29:41,539 - utils - INFO - Sentiment graph image saved to MongoDB for text_id: 66c4392133d561282e2559e1
2024-08-20 13:29:41,539 - main - INFO - Sentiment graph generated and stored successfully.
2024-08-20 13:33:15,601 - utils - INFO - Dashboard data aggregated successfully.
2024-08-20 13:33:15,801 - utils - INFO - Dashboard graph created successfully with enhanced styling.
2024-08-20 13:33:15,802 - main - INFO - Dashboard data retrieved and enhanced graph generated.
2024-08-20 13:57:48,163 - utils - INFO - Sentiment analysis complete for text: Good Quality , Battery Backup is Low
2024-08-20 13:57:48,165 - utils - INFO - Text and sentiment scores saved to MongoDB for text: Good Quality , Battery Backup is Low
2024-08-20 13:57:48,166 - main - INFO - Sentiment analysis and data storage successful.
2024-08-20 13:58:03,440 - utils - INFO - Dashboard data aggregated successfully.
2024-08-20 13:58:03,677 - utils - INFO - Dashboard graph created successfully with enhanced styling.
2024-08-20 13:58:03,677 - main - INFO - Dashboard data retrieved and enhanced graph generated.
2024-08-20 13:58:13,134 - utils - INFO - Sentiment scores retrieved for text_id: 66c453841dfd1223d07addcb
2024-08-20 13:58:13,302 - utils - INFO - Sentiment graph created successfully with enhanced styling.
2024-08-20 13:58:13,304 - utils - INFO - Sentiment graph image saved to MongoDB for text_id: 66c453841dfd1223d07addcb
2024-08-20 13:58:13,304 - main - INFO - Sentiment graph generated and stored successfully.
2024-08-20 18:40:09,679 - utils - INFO - Sentiment analysis complete for text: Kinda Ok Product , Budget Friendly
2024-08-20 18:40:09,688 - utils - INFO - Text and sentiment scores saved to MongoDB for text: Kinda Ok Product , Budget Friendly
2024-08-20 18:40:09,690 - main - INFO - Sentiment analysis and data storage successful.
2024-08-20 18:40:21,383 - utils - INFO - Dashboard data aggregated successfully.
2024-08-20 18:40:22,315 - utils - INFO - Dashboard graph created successfully with enhanced styling.
2024-08-20 18:40:22,316 - main - INFO - Dashboard data retrieved and enhanced graph generated.
2024-08-20 18:40:22,627 - utils - INFO - Dashboard data aggregated successfully.
2024-08-20 18:40:23,021 - utils - INFO - Dashboard graph created successfully with enhanced styling.
2024-08-20 18:40:23,022 - main - INFO - Dashboard data retrieved and enhanced graph generated.
2024-08-20 18:40:27,967 - utils - INFO - Sentiment scores retrieved for text_id: 66c495b18a1406589910c2be
2024-08-20 18:40:28,367 - utils - INFO - Sentiment graph created successfully with enhanced styling.
2024-08-20 18:40:28,369 - utils - INFO - Sentiment graph image saved to MongoDB for text_id: 66c495b18a1406589910c2be
2024-08-20 18:40:28,370 - main - INFO - Sentiment graph generated and stored successfully.
2024-08-20 19:02:10,365 - utils - INFO - Dashboard data aggregated successfully.
2024-08-20 19:02:10,820 - utils - INFO - Dashboard graph created successfully with enhanced styling.
2024-08-20 19:02:10,821 - main - INFO - Dashboard data retrieved and enhanced graph generated.
